<?xml version="1.0" encoding="UTF-8" ?>
<testsuite errors="0" failures="0" hostname="celio" name="testes.TestValores" skipped="0" tests="6" time="0.037" timestamp="2018-11-10T19:02:21">
  <properties>
[...]
</properties>
  <testcase classname="testes.TestValores" name="testsEmpty" time="0.013" />
  <testcase classname="testes.TestValores" name="testDel" time="0.001" />
  <testcase classname="testes.TestValores" name="testIns" time="0.005" />
  <testcase classname="testes.TestValores" name="testLower" time="0.0" />
  <testcase classname="testes.TestValores" name="testGreater" time="0.0" />
  <testcase classname="testes.TestValores" name="testInsertions" time="0.0" />
  <system-out><![CDATA[]]></system-out>
  <system-err><![CDATA[]]></system-err>
</testsuite>
